[debug] [2020-02-02T02:54:39.837Z] ----------------------------------------------------------------------
[debug] [2020-02-02T02:54:39.839Z] Command:       C:\Program Files\nodejs\node.exe C:\Users\willi\AppData\Roaming\npm\node_modules\firebase-tools\lib\bin\firebase.js serve
[debug] [2020-02-02T02:54:39.839Z] CLI Version:   7.12.1
[debug] [2020-02-02T02:54:39.839Z] Platform:      win32
[debug] [2020-02-02T02:54:39.839Z] Node Version:  v10.16.3
[debug] [2020-02-02T02:54:39.840Z] Time:          Sat Feb 01 2020 21:54:39 GMT-0500 (Eastern Standard Time)
[debug] [2020-02-02T02:54:39.840Z] ----------------------------------------------------------------------
[debug] [2020-02-02T02:54:39.840Z] 
[debug] [2020-02-02T02:54:39.852Z] > command requires scopes: ["email","openid","https://www.googleapis.com/auth/cloudplatformprojects.readonly","https://www.googleapis.com/auth/firebase","https://www.googleapis.com/auth/cloud-platform"]
[debug] [2020-02-02T02:54:39.853Z] > authorizing via signed-in user
[debug] [2020-02-02T02:54:39.853Z] [iam] checking project swampfuud2020 for permissions ["firebase.projects.get"]
[debug] [2020-02-02T02:54:39.854Z] >>> HTTP REQUEST POST https://cloudresourcemanager.googleapis.com/v1/projects/swampfuud2020:testIamPermissions  

[debug] [2020-02-02T02:54:40.348Z] <<< HTTP RESPONSE 200
[debug] [2020-02-02T02:54:40.350Z] >>> HTTP REQUEST GET https://firebase.googleapis.com/v1beta1/projects/swampfuud2020  
 
[debug] [2020-02-02T02:54:40.787Z] <<< HTTP RESPONSE 200
[info] 
[info] === Serving from 'C:\Users\willi\OneDrive\Documents\GitHub\swamp-hacks-2020'...
[info] 
[debug] [2020-02-02T02:54:40.792Z] >>> HTTP REQUEST GET https://firebase.googleapis.com/v1beta1/projects/swampfuud2020/webApps/-/config  
 
[debug] [2020-02-02T02:54:41.258Z] <<< HTTP RESPONSE 200
[info] i  hosting: Serving hosting files from: build
[info] +  hosting: Local server: http://localhost:5000
[warn] !  Your requested "node" version "8" doesn't match your global version "10"
[info] +  functions: Emulator started at http://localhost:5001
[info] i  functions: Watching "C:\Users\willi\OneDrive\Documents\GitHub\swamp-hacks-2020\functions" for Cloud Functions...
[debug] [2020-02-02T02:54:43.351Z] [worker-pool] addWorker(~diagnostic~)
[debug] [2020-02-02T02:54:43.351Z] [worker-pool] Adding worker with key ~diagnostic~, total=1
[debug] [2020-02-02T02:54:43.352Z] [worker-pool] submitWork(triggerId=)
[debug] [2020-02-02T02:54:43.352Z] [worker-~diagnostic~-22e7ebe2-f7af-4436-ac90-9aa5fc14dc9a]: Assigning socketPath: \\?\pipe\C:\Users\willi\OneDrive\Documents\GitHub\swamp-hacks-2020\functions\3496
[debug] [2020-02-02T02:54:43.352Z] [worker-~diagnostic~-22e7ebe2-f7af-4436-ac90-9aa5fc14dc9a]: BUSY
[debug] [2020-02-02T02:54:43.920Z] [runtime-status] [3496] Functions runtime initialized. {"cwd":"C:\\Users\\willi\\OneDrive\\Documents\\GitHub\\swamp-hacks-2020\\functions","node_version":"10.16.3"}
[debug] [2020-02-02T02:54:43.923Z] [runtime-status] [3496] Disabled runtime features: {"functions_config_helper":true,"network_filtering":true,"timeout":true,"memory_limiting":true,"admin_stubs":true,"pubsub_emulator":true}
[debug] [2020-02-02T02:54:43.931Z] [runtime-status] [3496] Resolved module firebase-admin {"declared":true,"installed":true,"version":"8.9.2","resolution":"C:\\Users\\willi\\OneDrive\\Documents\\GitHub\\swamp-hacks-2020\\functions\\node_modules\\firebase-admin\\lib\\index.js"}
[debug] [2020-02-02T02:54:43.933Z] [runtime-status] [3496] Resolved module firebase-functions {"declared":true,"installed":true,"version":"3.3.0","resolution":"C:\\Users\\willi\\OneDrive\\Documents\\GitHub\\swamp-hacks-2020\\functions\\node_modules\\firebase-functions\\lib\\index.js"}
[debug] [2020-02-02T02:54:43.935Z] [runtime-status] [3496] Resolved module firebase-functions {"declared":true,"installed":true,"version":"3.3.0","resolution":"C:\\Users\\willi\\OneDrive\\Documents\\GitHub\\swamp-hacks-2020\\functions\\node_modules\\firebase-functions\\lib\\index.js"}
[debug] [2020-02-02T02:54:44.011Z] [worker-~diagnostic~-22e7ebe2-f7af-4436-ac90-9aa5fc14dc9a]: IDLE
